[
    {
      "TimeGenerated": "4/3/2022, 11:22:45.123 AM",
      "Account": "contoso\\Almin",
      "AccountType": "Admin",
      "Computer": "Almin-pc",
      "EventSourceName": "Microsoft-Windows-Security-Auditing",
      "Channel": "Security",
      "Task": 1,
      "Level": 0,
      "EventData": "Failed logon attempt for user Almin.",
      "EventID": 4625,
      "Activity": "4625 - An account failed to log on.",
      "SourceComputerId": "af09cae1-6802-4bb3-8c80-1e2ea77218d2",
      "EventOriginId": "3f09bae2-4903-4aa4-8b81-0e2ea66218d4",
      "ManagementGroupName": "AOI-7fcf8177-cf51-4720-aade-14040956f35e",
      "AccessList": "None",
      "AccessMask": "None",
      "AccessReason": "User authentication failed",
      "AuthenticationLevel": "Low",
      "AuthenticationPackageName": "Kerberos",
      "ElevatedToken": "%%1843",
      "ImpersonationLevel": "%%1834",
      "IpAddress": "192.168.0.101",
      "IpPort": 0,
      "KeyLength": 256,
      "LmPackageName": "Kerberos V5",
      "LogonGuid": "5a6b7c8d-9e0f-1a2b-3c4d-5e6f7a8b9c0d",
      "LogonHours": "All",
      "LogonID": "0x12345678",
      "LogonProcessName": "Kerberos Authentication Service",
      "LogonType": 10,
      "LogonTypeName": "10 - Remote Interactive (Terminal Services, Remote Desktop or Remote Assistance)",
      "Process": "-",
      "ProcessId": "0x98765432",
      "ProcessName": "-",
      "SubjectAccount": "-\\-",
      "SubjectDomainName": "-",
      "SubjectLogonId": "0x0",
      "SubjectUserName": "-",
      "SubjectUserSid": "S-1-0-0",
      "TargetAccount": "contoso\\Almin",
      "TargetDomainName": "contoso",
      "TargetInfo": "User's personal information",
      "TargetLinkedLogonId": "0xfedcba98",
      "TargetLogonGuid": "5a6b7c8d-9e0f-1a2b-3c4d-5e6f7a8b9c0d",
      "TargetLogonId": "0x87654321",
      "TargetOutboundDomainName": "contoso",
      "TargetOutboundUserName": "Almin",
      "TargetUserName": "Almin",
      "TargetUserSid": "S-1-5-21-2769934187-2433420870-601450644-1234",
      "TemplateContent": "",
      "TemplateDSObjectFQDN": "",
      "TemplateInternalName": "",
      "TemplateOID": "",
      "TransmittedServices": "None",
      "VirtualAccount": "%%1844",
      "WorkstationName": "Almin-pc",
      "PartitionKey": "abc123"
    },
    {
      "TimeGenerated": "4/3/2022, 11:25:12.345 AM",
      "Account": "contoso\\Almin",
      "AccountType": "Admin",
      "Computer": "Almin-pc",
      "EventSourceName": "Microsoft-Windows-Security-Auditing",
      "Channel": "Security",
      "Task": 1,
      "Level": 0,
      "EventData": "Failed logon attempt for user Almin.",
      "EventID": 4625,
      "Activity": "4625 - An account failed to log on.",
      "SourceComputerId": "af09cae1-6802-4bb3-8c80-1e2ea77218d2",
      "EventOriginId": "3f09bae2-4903-4aa4-8b81-0e2ea66218d4",
      "ManagementGroupName": "AOI-7fcf8177-cf51-4720-aade-14040956f35e",
      "AccessList": "None",
      "AccessMask": "None",
      "AccessReason": "User authentication failed",
      "AuthenticationLevel": "Low",
      "AuthenticationPackageName": "Kerberos",
      "ElevatedToken": "%%1843",
      "ImpersonationLevel": "%%1834",
      "IpAddress": "192.168.0.101",
      "IpPort": 0,
      "KeyLength": 256,
      "LmPackageName": "Kerberos V5",
      "LogonGuid": "5a6b7c8d-9e0f-1a2b-3c4d-5e6f7a8b9c0d",
      "LogonHours": "All",
      "LogonID": "0x12345678",
      "LogonProcessName": "Kerberos Authentication Service",
      "LogonType": 10,
      "LogonTypeName": "10 - Remote Interactive (Terminal Services, Remote Desktop or Remote Assistance)",
      "Process": "-",
      "ProcessId": "0x98765432",
      "ProcessName": "-",
      "SubjectAccount": "-\\-",
      "SubjectDomainName": "-",
      "SubjectLogonId": "0x0",
      "SubjectUserName": "-",
      "SubjectUserSid": "S-1-0-0",
      "TargetAccount": "contoso\\Almin",
      "TargetDomainName": "contoso",
      "TargetInfo": "User's personal information",
      "TargetLinkedLogonId": "0xfedcba98",
      "TargetLogonGuid": "5a6b7c8d-9e0f-1a2b-3c4d-5e6f7a8b9c0d",
      "TargetLogonId": "0x87654321",
      "TargetOutboundDomainName": "contoso",
      "TargetOutboundUserName": "Almin",
      "TargetUserName": "Almin",
      "TargetUserSid": "S-1-5-21-2769934187-2433420870-601450644-1234",
      "TemplateContent": "",
      "TemplateDSObjectFQDN": "",
      "TemplateInternalName": "",
      "TemplateOID": "",
      "TransmittedServices": "None",
      "VirtualAccount": "%%1844",
      "WorkstationName": "Almin-pc",
      "PartitionKey": "abc123"
    },
    {
      "TimeGenerated": "4/3/2022, 11:28:00.987 AM",
      "Account": "contoso\\Almin",
      "AccountType": "Admin",
      "Computer": "Almin-pc",
      "EventSourceName": "Microsoft-Windows-Security-Auditing",
      "Channel": "Security",
      "Task": 1,
      "Level": 0,
      "EventData": "Failed logon attempt for user Almin.",
      "EventID": 4625,
      "Activity": "4625 - An account failed to log on.",
      "SourceComputerId": "af09cae1-6802-4bb3-8c80-1e2ea77218d2",
      "EventOriginId": "3f09bae2-4903-4aa4-8b81-0e2ea66218d4",
      "ManagementGroupName": "AOI-7fcf8177-cf51-4720-aade-14040956f35e",
      "AccessList": "None",
      "AccessMask": "None",
      "AccessReason": "User authentication failed",
      "AuthenticationLevel": "Low",
      "AuthenticationPackageName": "Kerberos",
      "ElevatedToken": "%%1843",
      "ImpersonationLevel": "%%1834",
      "IpAddress": "192.168.0.101",
      "IpPort": 0,
      "KeyLength": 256,
      "LmPackageName": "Kerberos V5",
      "LogonGuid": "5a6b7c8d-9e0f-1a2b-3c4d-5e6f7a8b9c0d",
      "LogonHours": "All",
      "LogonID": "0x12345678",
      "LogonProcessName": "Kerberos Authentication Service",
      "LogonType": 10,
      "LogonTypeName": "10 - Remote Interactive (Terminal Services, Remote Desktop or Remote Assistance)",
      "Process": "-",
      "ProcessId": "0x98765432",
      "ProcessName": "-",
      "SubjectAccount": "-\\-",
      "SubjectDomainName": "-",
      "SubjectLogonId": "0x0",
      "SubjectUserName": "-",
      "SubjectUserSid": "S-1-0-0",
      "TargetAccount": "contoso\\Almin",
      "TargetDomainName": "contoso",
      "TargetInfo": "User's personal information",
      "TargetLinkedLogonId": "0xfedcba98",
      "TargetLogonGuid": "5a6b7c8d-9e0f-1a2b-3c4d-5e6f7a8b9c0d",
      "TargetLogonId": "0x87654321",
      "TargetOutboundDomainName": "contoso",
      "TargetOutboundUserName": "Almin",
      "TargetUserName": "Almin",
      "TargetUserSid": "S-1-5-21-2769934187-2433420870-601450644-1234",
      "TemplateContent": "",
      "TemplateDSObjectFQDN": "",
      "TemplateInternalName": "",
      "TemplateOID": "",
      "TransmittedServices": "None",
      "VirtualAccount": "%%1844",
      "WorkstationName": "Almin-pc",
      "PartitionKey": "abc123"
    },
    {
      "TimeGenerated": "4/3/2022, 11:30:59.999 AM",
      "Account": "contoso\\Almin",
      "AccountType": "Admin",
      "Computer": "Almin-pc",
      "EventSourceName": "Microsoft-Windows-Security-Auditing",
      "Channel": "Security",
      "Task": 1,
      "Level": 0,
      "EventData": "Failed logon attempt for user Almin.",
      "EventID": 4625,
      "Activity": "4625 - An account failed to log on.",
      "SourceComputerId": "af09cae1-6802-4bb3-8c80-1e2ea77218d2",
      "EventOriginId": "3f09bae2-4903-4aa4-8b81-0e2ea66218d4",
      "ManagementGroupName": "AOI-7fcf8177-cf51-4720-aade-14040956f35e",
      "AccessList": "None",
      "AccessMask": "None",
      "AccessReason": "User authentication failed",
      "AuthenticationLevel": "Low",
      "AuthenticationPackageName": "Kerberos",
      "ElevatedToken": "%%1843",
      "ImpersonationLevel": "%%1834",
      "IpAddress": "192.168.0.101",
      "IpPort": 0,
      "KeyLength": 256,
      "LmPackageName": "Kerberos V5",
      "LogonGuid": "5a6b7c8d-9e0f-1a2b-3c4d-5e6f7a8b9c0d",
      "LogonHours": "All",
      "LogonID": "0x12345678",
      "LogonProcessName": "Kerberos Authentication Service",
      "LogonType": 10,
      "LogonTypeName": "10 - Remote Interactive (Terminal Services, Remote Desktop or Remote Assistance)",
      "Process": "-",
      "ProcessId": "0x98765432",
      "ProcessName": "-",
      "SubjectAccount": "-\\-",
      "SubjectDomainName": "-",
      "SubjectLogonId": "0x0",
      "SubjectUserName": "-",
      "SubjectUserSid": "S-1-0-0",
      "TargetAccount": "contoso\\Almin",
      "TargetDomainName": "contoso",
      "TargetInfo": "User's personal information",
      "TargetLinkedLogonId": "0xfedcba98",
      "TargetLogonGuid": "5a6b7c8d-9e0f-1a2b-3c4d-5e6f7a8b9c0d",
      "TargetLogonId": "0x87654321",
      "TargetOutboundDomainName": "contoso",
      "TargetOutboundUserName": "Almin",
      "TargetUserName": "Almin",
      "TargetUserSid": "S-1-5-21-2769934187-2433420870-601450644-1234",
      "TemplateContent": "",
      "TemplateDSObjectFQDN": "",
      "TemplateInternalName": "",
      "TemplateOID": "",
      "TransmittedServices": "None",
      "VirtualAccount": "%%1844",
      "WorkstationName": "Almin-pc",
      "PartitionKey": "abc123"
    },
    {
      "TimeGenerated": "4/3/2022, 11:33:24.567 AM",
      "Account": "contoso\\Almin",
      "AccountType": "Admin",
      "Computer": "Almin-pc",
      "EventSourceName": "Microsoft-Windows-Security-Auditing",
      "Channel": "Security",
      "Task": 1,
      "Level": 0,
      "EventData": "Failed logon attempt for user Almin.",
      "EventID": 4625,
      "Activity": "4625 - An account failed to log on.",
      "SourceComputerId": "af09cae1-6802-4bb3-8c80-1e2ea77218d2",
      "EventOriginId": "3f09bae2-4903-4aa4-8b81-0e2ea66218d4",
      "ManagementGroupName": "AOI-7fcf8177-cf51-4720-aade-14040956f35e",
      "AccessList": "None",
      "AccessMask": "None",
      "AccessReason": "User authentication failed",
      "AuthenticationLevel": "Low",
      "AuthenticationPackageName": "Kerberos",
      "ElevatedToken": "%%1843",
      "ImpersonationLevel": "%%1834",
      "IpAddress": "192.168.0.101",
      "IpPort": 0,
      "KeyLength": 256,
      "LmPackageName": "Kerberos V5",
      "LogonGuid": "5a6b7c8d-9e0f-1a2b-3c4d-5e6f7a8b9c0d",
      "LogonHours": "All",
      "LogonID": "0x12345678",
      "LogonProcessName": "Kerberos Authentication Service",
      "LogonType": 10,
      "LogonTypeName": "10 - Remote Interactive (Terminal Services, Remote Desktop or Remote Assistance)",
      "Process": "-",
      "ProcessId": "0x98765432",
      "ProcessName": "-",
      "SubjectAccount": "-\\-",
      "SubjectDomainName": "-",
      "SubjectLogonId": "0x0",
      "SubjectUserName": "-",
      "SubjectUserSid": "S-1-0-0",
      "TargetAccount": "contoso\\Almin",
      "TargetDomainName": "contoso",
      "TargetInfo": "User's personal information",
      "TargetLinkedLogonId": "0xfedcba98",
      "TargetLogonGuid": "5a6b7c8d-9e0f-1a2b-3c4d-5e6f7a8b9c0d",
      "TargetLogonId": "0x87654321",
      "TargetOutboundDomainName": "contoso",
      "TargetOutboundUserName": "Almin",
      "TargetUserName": "Almin",
      "TargetUserSid": "S-1-5-21-2769934187-2433420870-601450644-1234",
      "TemplateContent": "",
      "TemplateDSObjectFQDN": "",
      "TemplateInternalName": "",
      "TemplateOID": "",
      "TransmittedServices": "None",
      "VirtualAccount": "%%1844",
      "WorkstationName": "Almin-pc",
      "PartitionKey": "abc123"
    }
]
